<?xml version="1.0" encoding="UTF-8"?>
<!-- Generated by org.testng.reporters.JUnitXMLReporter -->
<testsuite ignored="0" hostname="VAISHU-OIMAY" failures="10" tests="77" name="Test" time="468.555" errors="0" timestamp="2023-12-23T11:33:50 IST">
  <testcase classname="com.Bdt.qa.Testcases.PackagepageTest" name="validateGoldMemberspageTitle" time="2.089"/>
  <testcase classname="com.Bdt.qa.Testcases.PackagepageTest" name="validateMsAzureSuiteAndSuitepluspageTitle" time="2.431"/>
  <testcase classname="com.Bdt.qa.Testcases.PackagepageTest" name="validateAzureDevopsExpertpageTitle" time="1.98"/>
  <testcase classname="com.Bdt.qa.Testcases.PackagepageTest" name="validateDotNetDevelopersExpertpageTitle" time="1.623"/>
  <testcase classname="com.Bdt.qa.Testcases.PackagepageTest" name="validatePowerplatformAcademypageTitle" time="3.306"/>
  <testcase classname="com.Bdt.qa.Testcases.PackagepageTest" name="validateMsDotNetFoundationForBeginnerspageTitle" time="1.503"/>
  <testcase classname="com.Bdt.qa.Testcases.PackagepageTest" name="validateMsDotNetFullStackDeveloperpageTitle" time="2.232"/>
  <testcase classname="com.Bdt.qa.Testcases.PackagepageTest" name="validateUIorWebDevelopmentpageTitle" time="1.405"/>
  <testcase classname="com.Bdt.qa.Testcases.PackagepageTest" name="validateSQLServerandMSBIToolspageTitle" time="1.421"/>
  <testcase classname="com.Bdt.qa.Testcases.PackagepageTest" name="validateSoftwareTestingpageTitle" time="0.696"/>
  <testcase classname="com.Bdt.qa.Testcases.LoginTest" name="verifyLoginWithValidCredentials" time="1.458"/>
  <testcase classname="com.Bdt.qa.Testcases.LoginTest" name="verifyLoginwithInvalidEmailandValidPassword" time="0.817"/>
  <testcase classname="com.Bdt.qa.Testcases.LoginTest" name="verifyLoginwithValidEmailandInvalidPassword" time="0.816"/>
  <testcase classname="com.Bdt.qa.Testcases.LoginTest" name="verifyLoginWithInvalidEmailandPassword" time="0.766"/>
  <testcase classname="com.Bdt.qa.Testcases.HomepageTest" name="vaildateTitleofNewBatchespage" time="0.648"/>
  <testcase classname="com.Bdt.qa.Testcases.HomepageTest" name="validateTitleofPackagespage" time="0.108"/>
  <testcase classname="com.Bdt.qa.Testcases.HomepageTest" name="validateTitleOfCoursespage" time="0.143"/>
  <testcase classname="com.Bdt.qa.Testcases.HomepageTest" name="validateTitleofEnrollnowPage" time="0.695"/>
  <testcase classname="com.Bdt.qa.Testcases.HomepageTest" name="validateTitleOfVideospage" time="20.118">
    <failure type="org.openqa.selenium.TimeoutException" message="timeout: Timed out receiving message from renderer: 20.000
  (Session info: chrome=120.0.6099.129)
Build info: version: &amp;apos;4.15.0&amp;apos;, revision: &amp;apos;1d14b5521b&amp;apos;
System info: os.name: &amp;apos;Windows 11&amp;apos;, os.arch: &amp;apos;amd64&amp;apos;, os.version: &amp;apos;10.0&amp;apos;, java.version: &amp;apos;17.0.7&amp;apos;
Driver info: org.openqa.selenium.chrome.ChromeDriver
Command: [213babea452b891b0ae18734872e0f68, clickElement {id=FE79650DCCBF9850112FC8766470133E_element_95}]
Capabilities {acceptInsecureCerts: false, browserName: chrome, browserVersion: 120.0.6099.129, chrome: {chromedriverVersion: 120.0.6099.109 (3419140ab66..., userDataDir: C:\Users\new\AppData\Local\...}, fedcm:accounts: true, goog:chromeOptions: {debuggerAddress: localhost:60729}, networkConnectionEnabled: false, pageLoadStrategy: normal, platformName: windows, proxy: Proxy(), se:cdp: ws://localhost:60729/devtoo..., se:cdpVersion: 120.0.6099.129, setWindowRect: true, strictFileInteractability: false, timeouts: {implicit: 0, pageLoad: 300000, script: 30000}, unhandledPromptBehavior: dismiss and notify, webauthn:extension:credBlob: true, webauthn:extension:largeBlob: true, webauthn:extension:minPinLength: true, webauthn:extension:prf: true, webauthn:virtualAuthenticators: true}
Element: [[ChromeDriver: chrome on windows (213babea452b891b0ae18734872e0f68)] -&amp;gt; xpath: //a[contains(text(),&amp;apos;Videos&amp;apos;)]]
Session ID: 213babea452b891b0ae18734872e0f68">
      <![CDATA[org.openqa.selenium.TimeoutException: timeout: Timed out receiving message from renderer: 20.000
  (Session info: chrome=120.0.6099.129)
Build info: version: '4.15.0', revision: '1d14b5521b'
System info: os.name: 'Windows 11', os.arch: 'amd64', os.version: '10.0', java.version: '17.0.7'
Driver info: org.openqa.selenium.chrome.ChromeDriver
Command: [213babea452b891b0ae18734872e0f68, clickElement {id=FE79650DCCBF9850112FC8766470133E_element_95}]
Capabilities {acceptInsecureCerts: false, browserName: chrome, browserVersion: 120.0.6099.129, chrome: {chromedriverVersion: 120.0.6099.109 (3419140ab66..., userDataDir: C:\Users\new\AppData\Local\...}, fedcm:accounts: true, goog:chromeOptions: {debuggerAddress: localhost:60729}, networkConnectionEnabled: false, pageLoadStrategy: normal, platformName: windows, proxy: Proxy(), se:cdp: ws://localhost:60729/devtoo..., se:cdpVersion: 120.0.6099.129, setWindowRect: true, strictFileInteractability: false, timeouts: {implicit: 0, pageLoad: 300000, script: 30000}, unhandledPromptBehavior: dismiss and notify, webauthn:extension:credBlob: true, webauthn:extension:largeBlob: true, webauthn:extension:minPinLength: true, webauthn:extension:prf: true, webauthn:virtualAuthenticators: true}
Element: [[ChromeDriver: chrome on windows (213babea452b891b0ae18734872e0f68)] -> xpath: //a[contains(text(),'Videos')]]
Session ID: 213babea452b891b0ae18734872e0f68
at org.openqa.selenium.remote.codec.w3c.W3CHttpResponseCodec.createException(W3CHttpResponseCodec.java:200)
at org.openqa.selenium.remote.codec.w3c.W3CHttpResponseCodec.decode(W3CHttpResponseCodec.java:133)
at org.openqa.selenium.remote.codec.w3c.W3CHttpResponseCodec.decode(W3CHttpResponseCodec.java:52)
at org.openqa.selenium.remote.HttpCommandExecutor.execute(HttpCommandExecutor.java:191)
at org.openqa.selenium.remote.service.DriverCommandExecutor.invokeExecute(DriverCommandExecutor.java:200)
at org.openqa.selenium.remote.service.DriverCommandExecutor.execute(DriverCommandExecutor.java:175)
at org.openqa.selenium.remote.RemoteWebDriver.execute(RemoteWebDriver.java:607)
at org.openqa.selenium.remote.RemoteWebElement.execute(RemoteWebElement.java:224)
at org.openqa.selenium.remote.RemoteWebElement.click(RemoteWebElement.java:77)
at org.openqa.selenium.support.pagefactory.internal.LocatingElementHandler.invoke(LocatingElementHandler.java:51)
at jdk.proxy2/jdk.proxy2.$Proxy14.click(Unknown Source)
at com.Bdt.qa.Pages.Homepage.videos(Homepage.java:67)
at com.Bdt.qa.Testcases.HomepageTest.validateTitleOfVideospage(HomepageTest.java:81)
at java.base/java.util.ArrayList.forEach(ArrayList.java:1511)
... Removed 35 stack frames]]>
    </failure>
  </testcase> <!-- validateTitleOfVideospage -->
  <testcase classname="com.Bdt.qa.Testcases.HomepageTest" name="validateTitleofTestimonialspage" time="0.55"/>
  <testcase classname="com.Bdt.qa.Testcases.HomepageTest" name="validateTitleOfAzurecertificationPage" time="2.258"/>
  <testcase classname="com.Bdt.qa.Testcases.HomepageTest" name="validateTitleofContactuspage" time="0.648"/>
  <testcase classname="com.Bdt.qa.Testcases.CoursepageTest" name="validate_ms_NET_Coursespage_Title" time="0.777"/>
  <testcase classname="com.Bdt.qa.Testcases.CoursepageTest" name="validate_complete_Csharp_and_Windows_Programingpage_Title" time="0.887"/>
  <testcase classname="com.Bdt.qa.Testcases.CoursepageTest" name="validate_asp_NET_Core8page_Title" time="0.841"/>
  <testcase classname="com.Bdt.qa.Testcases.CoursepageTest" name="validate_asp_NET_MVCpage_Title" time="0.833"/>
  <testcase classname="com.Bdt.qa.Testcases.CoursepageTest" name="validate_asp_NET_WebFormspage_Title" time="0.864"/>
  <testcase classname="com.Bdt.qa.Testcases.CoursepageTest" name="validate_wcf_incl_Web_Services_and_Remotingpage_Title" time="0.798"/>
  <testcase classname="com.Bdt.qa.Testcases.CoursepageTest" name="validate_wpf_incl_MVVM_and_Prismpage_Title" time="0.853"/>
  <testcase classname="com.Bdt.qa.Testcases.CoursepageTest" name="validate_linq_and_Entity_Frameworkpage_Title" time="1.127"/>
  <testcase classname="com.Bdt.qa.Testcases.CoursepageTest" name="validate_live_Project_Training_for_Developing_Enterprise_applicationpage_Title" time="0.754"/>
  <testcase classname="com.Bdt.qa.Testcases.CoursepageTest" name="validate_live_Project_using_Ntier_Archpage_Title" time="0.808"/>
  <testcase classname="com.Bdt.qa.Testcases.CoursepageTest" name="validate_microservices_using_NET_Corepage_Title" time="0.833"/>
  <testcase classname="com.Bdt.qa.Testcases.CoursepageTest" name="validate_client_side_UI_technologiespage_Title" time="0.718"/>
  <testcase classname="com.Bdt.qa.Testcases.CoursepageTest" name="validate_building_StsticWebpagesusingHTMLandCSSpage_Title" time="0.804"/>
  <testcase classname="com.Bdt.qa.Testcases.CoursepageTest" name="validate_javascriptAndHTMLdompage_Title" time="0.85"/>
  <testcase classname="com.Bdt.qa.Testcases.CoursepageTest" name="validate_jquery_AjaxandJsonpage_Title" time="0.765"/>
  <testcase classname="com.Bdt.qa.Testcases.CoursepageTest" name="validate_buildingInteractiveWbpagesUsingHTML5andCSS3page_Title" time="0.773"/>
  <testcase classname="com.Bdt.qa.Testcases.CoursepageTest" name="validate_bootstrappage_Title" time="0.897"/>
  <testcase classname="com.Bdt.qa.Testcases.CoursepageTest" name="validate_angularJSpage_Title" time="0.926"/>
  <testcase classname="com.Bdt.qa.Testcases.CoursepageTest" name="angular_Typescriptpage_Title" time="1.071"/>
  <testcase classname="com.Bdt.qa.Testcases.CoursepageTest" name="reactJSpage_Title" time="0.817"/>
  <testcase classname="com.Bdt.qa.Testcases.CoursepageTest" name="knockoutJSpage_Title" time="0.739"/>
  <testcase classname="com.Bdt.qa.Testcases.CoursepageTest" name="xamarinpage_Title" time="0.78"/>
  <testcase classname="com.Bdt.qa.Testcases.CoursepageTest" name="sqlServerandMSBIpage_Title" time="0.736"/>
  <testcase classname="com.Bdt.qa.Testcases.CoursepageTest" name="validate_sqlServer2017page_Title" time="1.151"/>
  <testcase classname="com.Bdt.qa.Testcases.CoursepageTest" name="validate_queringDataWithTransactSqlpage_Title" time="1.078"/>
  <testcase classname="com.Bdt.qa.Testcases.CoursepageTest" name="validate_ssispage_Title" time="0.876"/>
  <testcase classname="com.Bdt.qa.Testcases.CoursepageTest" name="validate_ssrspage_Title" time="1.08">
    <failure type="org.openqa.selenium.ElementClickInterceptedException" message="element click intercepted: Element &amp;lt;a href=&amp;quot;/courses/ssrs-online-training&amp;quot;&amp;gt;...&amp;lt;/a&amp;gt; is not clickable at point (569, 628). Other element would receive the click: &amp;lt;div id=&amp;quot;gdprbanner&amp;quot; class=&amp;quot;siq-msgbanr&amp;quot;&amp;gt;...&amp;lt;/div&amp;gt;
  (Session info: chrome=120.0.6099.129)
Build info: version: &amp;apos;4.15.0&amp;apos;, revision: &amp;apos;1d14b5521b&amp;apos;
System info: os.name: &amp;apos;Windows 11&amp;apos;, os.arch: &amp;apos;amd64&amp;apos;, os.version: &amp;apos;10.0&amp;apos;, java.version: &amp;apos;17.0.7&amp;apos;
Driver info: org.openqa.selenium.chrome.ChromeDriver
Command: [e1f30fa61974491ac5b4596a47185d19, clickElement {id=73F0B2BF52C2B043036412FD5B95AE3C_element_122}]
Capabilities {acceptInsecureCerts: false, browserName: chrome, browserVersion: 120.0.6099.129, chrome: {chromedriverVersion: 120.0.6099.109 (3419140ab66..., userDataDir: C:\Users\new\AppData\Local\...}, fedcm:accounts: true, goog:chromeOptions: {debuggerAddress: localhost:62657}, networkConnectionEnabled: false, pageLoadStrategy: normal, platformName: windows, proxy: Proxy(), se:cdp: ws://localhost:62657/devtoo..., se:cdpVersion: 120.0.6099.129, setWindowRect: true, strictFileInteractability: false, timeouts: {implicit: 0, pageLoad: 300000, script: 30000}, unhandledPromptBehavior: dismiss and notify, webauthn:extension:credBlob: true, webauthn:extension:largeBlob: true, webauthn:extension:minPinLength: true, webauthn:extension:prf: true, webauthn:virtualAuthenticators: true}
Element: [[ChromeDriver: chrome on windows (e1f30fa61974491ac5b4596a47185d19)] -&amp;gt; xpath: //li/a[contains(text(),&amp;apos;SQL Server Reporting Service (SSRS)&amp;apos;)]]
Session ID: e1f30fa61974491ac5b4596a47185d19">
      <![CDATA[org.openqa.selenium.ElementClickInterceptedException: element click intercepted: Element <a href="/courses/ssrs-online-training">...</a> is not clickable at point (569, 628). Other element would receive the click: <div id="gdprbanner" class="siq-msgbanr">...</div>
  (Session info: chrome=120.0.6099.129)
Build info: version: '4.15.0', revision: '1d14b5521b'
System info: os.name: 'Windows 11', os.arch: 'amd64', os.version: '10.0', java.version: '17.0.7'
Driver info: org.openqa.selenium.chrome.ChromeDriver
Command: [e1f30fa61974491ac5b4596a47185d19, clickElement {id=73F0B2BF52C2B043036412FD5B95AE3C_element_122}]
Capabilities {acceptInsecureCerts: false, browserName: chrome, browserVersion: 120.0.6099.129, chrome: {chromedriverVersion: 120.0.6099.109 (3419140ab66..., userDataDir: C:\Users\new\AppData\Local\...}, fedcm:accounts: true, goog:chromeOptions: {debuggerAddress: localhost:62657}, networkConnectionEnabled: false, pageLoadStrategy: normal, platformName: windows, proxy: Proxy(), se:cdp: ws://localhost:62657/devtoo..., se:cdpVersion: 120.0.6099.129, setWindowRect: true, strictFileInteractability: false, timeouts: {implicit: 0, pageLoad: 300000, script: 30000}, unhandledPromptBehavior: dismiss and notify, webauthn:extension:credBlob: true, webauthn:extension:largeBlob: true, webauthn:extension:minPinLength: true, webauthn:extension:prf: true, webauthn:virtualAuthenticators: true}
Element: [[ChromeDriver: chrome on windows (e1f30fa61974491ac5b4596a47185d19)] -> xpath: //li/a[contains(text(),'SQL Server Reporting Service (SSRS)')]]
Session ID: e1f30fa61974491ac5b4596a47185d19
at org.openqa.selenium.remote.codec.w3c.W3CHttpResponseCodec.createException(W3CHttpResponseCodec.java:200)
at org.openqa.selenium.remote.codec.w3c.W3CHttpResponseCodec.decode(W3CHttpResponseCodec.java:133)
at org.openqa.selenium.remote.codec.w3c.W3CHttpResponseCodec.decode(W3CHttpResponseCodec.java:52)
at org.openqa.selenium.remote.HttpCommandExecutor.execute(HttpCommandExecutor.java:191)
at org.openqa.selenium.remote.service.DriverCommandExecutor.invokeExecute(DriverCommandExecutor.java:200)
at org.openqa.selenium.remote.service.DriverCommandExecutor.execute(DriverCommandExecutor.java:175)
at org.openqa.selenium.remote.RemoteWebDriver.execute(RemoteWebDriver.java:607)
at org.openqa.selenium.remote.RemoteWebElement.execute(RemoteWebElement.java:224)
at org.openqa.selenium.remote.RemoteWebElement.click(RemoteWebElement.java:77)
at org.openqa.selenium.support.pagefactory.internal.LocatingElementHandler.invoke(LocatingElementHandler.java:51)
at jdk.proxy2/jdk.proxy2.$Proxy14.click(Unknown Source)
at com.Bdt.qa.Pages.Coursespage.ssrs(Coursespage.java:316)
at com.Bdt.qa.Testcases.CoursepageTest.validate_ssrspage_Title(CoursepageTest.java:289)
at java.base/java.util.ArrayList.forEach(ArrayList.java:1511)
... Removed 35 stack frames]]>
    </failure>
  </testcase> <!-- validate_ssrspage_Title -->
  <testcase classname="com.Bdt.qa.Testcases.CoursepageTest" name="validate_ssaspage_Title" time="1.064">
    <failure type="org.openqa.selenium.ElementClickInterceptedException" message="element click intercepted: Element &amp;lt;a href=&amp;quot;/courses/ssas-online-training&amp;quot;&amp;gt;...&amp;lt;/a&amp;gt; is not clickable at point (569, 654). Other element would receive the click: &amp;lt;span class=&amp;quot;dib-mid&amp;quot;&amp;gt;...&amp;lt;/span&amp;gt;
  (Session info: chrome=120.0.6099.129)
Build info: version: &amp;apos;4.15.0&amp;apos;, revision: &amp;apos;1d14b5521b&amp;apos;
System info: os.name: &amp;apos;Windows 11&amp;apos;, os.arch: &amp;apos;amd64&amp;apos;, os.version: &amp;apos;10.0&amp;apos;, java.version: &amp;apos;17.0.7&amp;apos;
Driver info: org.openqa.selenium.chrome.ChromeDriver
Command: [97b98f3ddee642337011b9c5dfc845a6, clickElement {id=C5222A07CF6FA6AE280B151B33B58EE3_element_123}]
Capabilities {acceptInsecureCerts: false, browserName: chrome, browserVersion: 120.0.6099.129, chrome: {chromedriverVersion: 120.0.6099.109 (3419140ab66..., userDataDir: C:\Users\new\AppData\Local\...}, fedcm:accounts: true, goog:chromeOptions: {debuggerAddress: localhost:62721}, networkConnectionEnabled: false, pageLoadStrategy: normal, platformName: windows, proxy: Proxy(), se:cdp: ws://localhost:62721/devtoo..., se:cdpVersion: 120.0.6099.129, setWindowRect: true, strictFileInteractability: false, timeouts: {implicit: 0, pageLoad: 300000, script: 30000}, unhandledPromptBehavior: dismiss and notify, webauthn:extension:credBlob: true, webauthn:extension:largeBlob: true, webauthn:extension:minPinLength: true, webauthn:extension:prf: true, webauthn:virtualAuthenticators: true}
Element: [[ChromeDriver: chrome on windows (97b98f3ddee642337011b9c5dfc845a6)] -&amp;gt; xpath: //li/a[contains(text(),&amp;apos;SQL Service Analysis Service (SSAS)&amp;apos;)]]
Session ID: 97b98f3ddee642337011b9c5dfc845a6">
      <![CDATA[org.openqa.selenium.ElementClickInterceptedException: element click intercepted: Element <a href="/courses/ssas-online-training">...</a> is not clickable at point (569, 654). Other element would receive the click: <span class="dib-mid">...</span>
  (Session info: chrome=120.0.6099.129)
Build info: version: '4.15.0', revision: '1d14b5521b'
System info: os.name: 'Windows 11', os.arch: 'amd64', os.version: '10.0', java.version: '17.0.7'
Driver info: org.openqa.selenium.chrome.ChromeDriver
Command: [97b98f3ddee642337011b9c5dfc845a6, clickElement {id=C5222A07CF6FA6AE280B151B33B58EE3_element_123}]
Capabilities {acceptInsecureCerts: false, browserName: chrome, browserVersion: 120.0.6099.129, chrome: {chromedriverVersion: 120.0.6099.109 (3419140ab66..., userDataDir: C:\Users\new\AppData\Local\...}, fedcm:accounts: true, goog:chromeOptions: {debuggerAddress: localhost:62721}, networkConnectionEnabled: false, pageLoadStrategy: normal, platformName: windows, proxy: Proxy(), se:cdp: ws://localhost:62721/devtoo..., se:cdpVersion: 120.0.6099.129, setWindowRect: true, strictFileInteractability: false, timeouts: {implicit: 0, pageLoad: 300000, script: 30000}, unhandledPromptBehavior: dismiss and notify, webauthn:extension:credBlob: true, webauthn:extension:largeBlob: true, webauthn:extension:minPinLength: true, webauthn:extension:prf: true, webauthn:virtualAuthenticators: true}
Element: [[ChromeDriver: chrome on windows (97b98f3ddee642337011b9c5dfc845a6)] -> xpath: //li/a[contains(text(),'SQL Service Analysis Service (SSAS)')]]
Session ID: 97b98f3ddee642337011b9c5dfc845a6
at org.openqa.selenium.remote.codec.w3c.W3CHttpResponseCodec.createException(W3CHttpResponseCodec.java:200)
at org.openqa.selenium.remote.codec.w3c.W3CHttpResponseCodec.decode(W3CHttpResponseCodec.java:133)
at org.openqa.selenium.remote.codec.w3c.W3CHttpResponseCodec.decode(W3CHttpResponseCodec.java:52)
at org.openqa.selenium.remote.HttpCommandExecutor.execute(HttpCommandExecutor.java:191)
at org.openqa.selenium.remote.service.DriverCommandExecutor.invokeExecute(DriverCommandExecutor.java:200)
at org.openqa.selenium.remote.service.DriverCommandExecutor.execute(DriverCommandExecutor.java:175)
at org.openqa.selenium.remote.RemoteWebDriver.execute(RemoteWebDriver.java:607)
at org.openqa.selenium.remote.RemoteWebElement.execute(RemoteWebElement.java:224)
at org.openqa.selenium.remote.RemoteWebElement.click(RemoteWebElement.java:77)
at org.openqa.selenium.support.pagefactory.internal.LocatingElementHandler.invoke(LocatingElementHandler.java:51)
at jdk.proxy2/jdk.proxy2.$Proxy14.click(Unknown Source)
at com.Bdt.qa.Pages.Coursespage.ssas(Coursespage.java:322)
at com.Bdt.qa.Testcases.CoursepageTest.validate_ssaspage_Title(CoursepageTest.java:300)
at java.base/java.util.ArrayList.forEach(ArrayList.java:1511)
... Removed 35 stack frames]]>
    </failure>
  </testcase> <!-- validate_ssaspage_Title -->
  <testcase classname="com.Bdt.qa.Testcases.CoursepageTest" name="validate_cloudComputingpage_Title" time="1.661"/>
  <testcase classname="com.Bdt.qa.Testcases.CoursepageTest" name="validate_az_900page_Title" time="0.753"/>
  <testcase classname="com.Bdt.qa.Testcases.CoursepageTest" name="validate_azureSuitepage_Title" time="1.071"/>
  <testcase classname="com.Bdt.qa.Testcases.CoursepageTest" name="validate_az_104page_Title" time="1.131"/>
  <testcase classname="com.Bdt.qa.Testcases.CoursepageTest" name="validate_az_204page_Title" time="1.059"/>
  <testcase classname="com.Bdt.qa.Testcases.CoursepageTest" name="validate_az_305page_Title" time="0.871"/>
  <testcase classname="com.Bdt.qa.Testcases.CoursepageTest" name="validate_dp_203page_Title" time="0.809"/>
  <testcase classname="com.Bdt.qa.Testcases.CoursepageTest" name="validate_awspage_Title" time="0.776"/>
  <testcase classname="com.Bdt.qa.Testcases.CoursepageTest" name="validate_devopsExpertMicroservicespage_Title" time="0.563"/>
  <testcase classname="com.Bdt.qa.Testcases.CoursepageTest" name="validate_az_400page_Title" time="1.036"/>
  <testcase classname="com.Bdt.qa.Testcases.CoursepageTest" name="validate_dockerpage_Title" time="0.892"/>
  <testcase classname="com.Bdt.qa.Testcases.CoursepageTest" name="validate_kubernetespage_Title" time="0.945"/>
  <testcase classname="com.Bdt.qa.Testcases.CoursepageTest" name="validate_dockerandKubernetespage_Title" time="0.935"/>
  <testcase classname="com.Bdt.qa.Testcases.CoursepageTest" name="validate_iacUsingTerraformpage_Title" time="1.054">
    <failure type="org.openqa.selenium.ElementClickInterceptedException" message="element click intercepted: Element &amp;lt;a href=&amp;quot;/courses/terraform-online-training&amp;quot;&amp;gt;...&amp;lt;/a&amp;gt; is not clickable at point (949, 632). Other element would receive the click: &amp;lt;span class=&amp;quot;dib-mid&amp;quot;&amp;gt;...&amp;lt;/span&amp;gt;
  (Session info: chrome=120.0.6099.129)
Build info: version: &amp;apos;4.15.0&amp;apos;, revision: &amp;apos;1d14b5521b&amp;apos;
System info: os.name: &amp;apos;Windows 11&amp;apos;, os.arch: &amp;apos;amd64&amp;apos;, os.version: &amp;apos;10.0&amp;apos;, java.version: &amp;apos;17.0.7&amp;apos;
Driver info: org.openqa.selenium.chrome.ChromeDriver
Command: [39258370548ce4573c42ae9395a78913, clickElement {id=B46FAB4A1EBF6A93E7F0E4EE090ABC4D_element_124}]
Capabilities {acceptInsecureCerts: false, browserName: chrome, browserVersion: 120.0.6099.129, chrome: {chromedriverVersion: 120.0.6099.109 (3419140ab66..., userDataDir: C:\Users\new\AppData\Local\...}, fedcm:accounts: true, goog:chromeOptions: {debuggerAddress: localhost:63618}, networkConnectionEnabled: false, pageLoadStrategy: normal, platformName: windows, proxy: Proxy(), se:cdp: ws://localhost:63618/devtoo..., se:cdpVersion: 120.0.6099.129, setWindowRect: true, strictFileInteractability: false, timeouts: {implicit: 0, pageLoad: 300000, script: 30000}, unhandledPromptBehavior: dismiss and notify, webauthn:extension:credBlob: true, webauthn:extension:largeBlob: true, webauthn:extension:minPinLength: true, webauthn:extension:prf: true, webauthn:virtualAuthenticators: true}
Element: [[ChromeDriver: chrome on windows (39258370548ce4573c42ae9395a78913)] -&amp;gt; xpath: //li/a[contains(text(),&amp;apos;IaC Using Terraform&amp;apos;)]]
Session ID: 39258370548ce4573c42ae9395a78913">
      <![CDATA[org.openqa.selenium.ElementClickInterceptedException: element click intercepted: Element <a href="/courses/terraform-online-training">...</a> is not clickable at point (949, 632). Other element would receive the click: <span class="dib-mid">...</span>
  (Session info: chrome=120.0.6099.129)
Build info: version: '4.15.0', revision: '1d14b5521b'
System info: os.name: 'Windows 11', os.arch: 'amd64', os.version: '10.0', java.version: '17.0.7'
Driver info: org.openqa.selenium.chrome.ChromeDriver
Command: [39258370548ce4573c42ae9395a78913, clickElement {id=B46FAB4A1EBF6A93E7F0E4EE090ABC4D_element_124}]
Capabilities {acceptInsecureCerts: false, browserName: chrome, browserVersion: 120.0.6099.129, chrome: {chromedriverVersion: 120.0.6099.109 (3419140ab66..., userDataDir: C:\Users\new\AppData\Local\...}, fedcm:accounts: true, goog:chromeOptions: {debuggerAddress: localhost:63618}, networkConnectionEnabled: false, pageLoadStrategy: normal, platformName: windows, proxy: Proxy(), se:cdp: ws://localhost:63618/devtoo..., se:cdpVersion: 120.0.6099.129, setWindowRect: true, strictFileInteractability: false, timeouts: {implicit: 0, pageLoad: 300000, script: 30000}, unhandledPromptBehavior: dismiss and notify, webauthn:extension:credBlob: true, webauthn:extension:largeBlob: true, webauthn:extension:minPinLength: true, webauthn:extension:prf: true, webauthn:virtualAuthenticators: true}
Element: [[ChromeDriver: chrome on windows (39258370548ce4573c42ae9395a78913)] -> xpath: //li/a[contains(text(),'IaC Using Terraform')]]
Session ID: 39258370548ce4573c42ae9395a78913
at org.openqa.selenium.remote.codec.w3c.W3CHttpResponseCodec.createException(W3CHttpResponseCodec.java:200)
at org.openqa.selenium.remote.codec.w3c.W3CHttpResponseCodec.decode(W3CHttpResponseCodec.java:133)
at org.openqa.selenium.remote.codec.w3c.W3CHttpResponseCodec.decode(W3CHttpResponseCodec.java:52)
at org.openqa.selenium.remote.HttpCommandExecutor.execute(HttpCommandExecutor.java:191)
at org.openqa.selenium.remote.service.DriverCommandExecutor.invokeExecute(DriverCommandExecutor.java:200)
at org.openqa.selenium.remote.service.DriverCommandExecutor.execute(DriverCommandExecutor.java:175)
at org.openqa.selenium.remote.RemoteWebDriver.execute(RemoteWebDriver.java:607)
at org.openqa.selenium.remote.RemoteWebElement.execute(RemoteWebElement.java:224)
at org.openqa.selenium.remote.RemoteWebElement.click(RemoteWebElement.java:77)
at org.openqa.selenium.support.pagefactory.internal.LocatingElementHandler.invoke(LocatingElementHandler.java:51)
at jdk.proxy2/jdk.proxy2.$Proxy14.click(Unknown Source)
at com.Bdt.qa.Pages.Coursespage.iacUsingTerraform(Coursespage.java:392)
at com.Bdt.qa.Testcases.CoursepageTest.validate_iacUsingTerraformpage_Title(CoursepageTest.java:440)
at java.base/java.util.ArrayList.forEach(ArrayList.java:1511)
... Removed 35 stack frames]]>
    </failure>
  </testcase> <!-- validate_iacUsingTerraformpage_Title -->
  <testcase classname="com.Bdt.qa.Testcases.CoursepageTest" name="validate_powershellpage_Title" time="1.124">
    <failure type="org.openqa.selenium.ElementClickInterceptedException" message="element click intercepted: Element &amp;lt;a href=&amp;quot;/courses/powershell-online-training&amp;quot;&amp;gt;...&amp;lt;/a&amp;gt; is not clickable at point (949, 663). Other element would receive the click: &amp;lt;span class=&amp;quot;dib-mid&amp;quot;&amp;gt;...&amp;lt;/span&amp;gt;
  (Session info: chrome=120.0.6099.129)
Build info: version: &amp;apos;4.15.0&amp;apos;, revision: &amp;apos;1d14b5521b&amp;apos;
System info: os.name: &amp;apos;Windows 11&amp;apos;, os.arch: &amp;apos;amd64&amp;apos;, os.version: &amp;apos;10.0&amp;apos;, java.version: &amp;apos;17.0.7&amp;apos;
Driver info: org.openqa.selenium.chrome.ChromeDriver
Command: [46d06e1356997a0ba121a7b95c0b7977, clickElement {id=C669CF51ECBAFDF6780583B2DDF3913D_element_132}]
Capabilities {acceptInsecureCerts: false, browserName: chrome, browserVersion: 120.0.6099.129, chrome: {chromedriverVersion: 120.0.6099.109 (3419140ab66..., userDataDir: C:\Users\new\AppData\Local\...}, fedcm:accounts: true, goog:chromeOptions: {debuggerAddress: localhost:63678}, networkConnectionEnabled: false, pageLoadStrategy: normal, platformName: windows, proxy: Proxy(), se:cdp: ws://localhost:63678/devtoo..., se:cdpVersion: 120.0.6099.129, setWindowRect: true, strictFileInteractability: false, timeouts: {implicit: 0, pageLoad: 300000, script: 30000}, unhandledPromptBehavior: dismiss and notify, webauthn:extension:credBlob: true, webauthn:extension:largeBlob: true, webauthn:extension:minPinLength: true, webauthn:extension:prf: true, webauthn:virtualAuthenticators: true}
Element: [[ChromeDriver: chrome on windows (46d06e1356997a0ba121a7b95c0b7977)] -&amp;gt; xpath: //li/a[contains(text(),&amp;apos;Powershell&amp;apos;)]]
Session ID: 46d06e1356997a0ba121a7b95c0b7977">
      <![CDATA[org.openqa.selenium.ElementClickInterceptedException: element click intercepted: Element <a href="/courses/powershell-online-training">...</a> is not clickable at point (949, 663). Other element would receive the click: <span class="dib-mid">...</span>
  (Session info: chrome=120.0.6099.129)
Build info: version: '4.15.0', revision: '1d14b5521b'
System info: os.name: 'Windows 11', os.arch: 'amd64', os.version: '10.0', java.version: '17.0.7'
Driver info: org.openqa.selenium.chrome.ChromeDriver
Command: [46d06e1356997a0ba121a7b95c0b7977, clickElement {id=C669CF51ECBAFDF6780583B2DDF3913D_element_132}]
Capabilities {acceptInsecureCerts: false, browserName: chrome, browserVersion: 120.0.6099.129, chrome: {chromedriverVersion: 120.0.6099.109 (3419140ab66..., userDataDir: C:\Users\new\AppData\Local\...}, fedcm:accounts: true, goog:chromeOptions: {debuggerAddress: localhost:63678}, networkConnectionEnabled: false, pageLoadStrategy: normal, platformName: windows, proxy: Proxy(), se:cdp: ws://localhost:63678/devtoo..., se:cdpVersion: 120.0.6099.129, setWindowRect: true, strictFileInteractability: false, timeouts: {implicit: 0, pageLoad: 300000, script: 30000}, unhandledPromptBehavior: dismiss and notify, webauthn:extension:credBlob: true, webauthn:extension:largeBlob: true, webauthn:extension:minPinLength: true, webauthn:extension:prf: true, webauthn:virtualAuthenticators: true}
Element: [[ChromeDriver: chrome on windows (46d06e1356997a0ba121a7b95c0b7977)] -> xpath: //li/a[contains(text(),'Powershell')]]
Session ID: 46d06e1356997a0ba121a7b95c0b7977
at org.openqa.selenium.remote.codec.w3c.W3CHttpResponseCodec.createException(W3CHttpResponseCodec.java:200)
at org.openqa.selenium.remote.codec.w3c.W3CHttpResponseCodec.decode(W3CHttpResponseCodec.java:133)
at org.openqa.selenium.remote.codec.w3c.W3CHttpResponseCodec.decode(W3CHttpResponseCodec.java:52)
at org.openqa.selenium.remote.HttpCommandExecutor.execute(HttpCommandExecutor.java:191)
at org.openqa.selenium.remote.service.DriverCommandExecutor.invokeExecute(DriverCommandExecutor.java:200)
at org.openqa.selenium.remote.service.DriverCommandExecutor.execute(DriverCommandExecutor.java:175)
at org.openqa.selenium.remote.RemoteWebDriver.execute(RemoteWebDriver.java:607)
at org.openqa.selenium.remote.RemoteWebElement.execute(RemoteWebElement.java:224)
at org.openqa.selenium.remote.RemoteWebElement.click(RemoteWebElement.java:77)
at org.openqa.selenium.support.pagefactory.internal.LocatingElementHandler.invoke(LocatingElementHandler.java:51)
at jdk.proxy2/jdk.proxy2.$Proxy14.click(Unknown Source)
at com.Bdt.qa.Pages.Coursespage.powershell(Coursespage.java:397)
at com.Bdt.qa.Testcases.CoursepageTest.validate_powershellpage_Title(CoursepageTest.java:450)
at java.base/java.util.ArrayList.forEach(ArrayList.java:1511)
... Removed 35 stack frames]]>
    </failure>
  </testcase> <!-- validate_powershellpage_Title -->
  <testcase classname="com.Bdt.qa.Testcases.CoursepageTest" name="validate_msPowerPlatform_premiumpage_Title" time="0.045">
    <failure type="org.openqa.selenium.InvalidSelectorException" message="invalid selector: Unable to locate an element with the xpath expression //li/a[contains(text(),&amp;apos;//li/a[@class=&amp;apos;coursecategory&amp;apos;][contains(text(),&amp;apos;Microsoft Power Platform&amp;apos;)]&amp;apos;)] because of the following error:
SyntaxError: Failed to execute &amp;apos;evaluate&amp;apos; on &amp;apos;Document&amp;apos;: The string &amp;apos;//li/a[contains(text(),&amp;apos;//li/a[@class=&amp;apos;coursecategory&amp;apos;][contains(text(),&amp;apos;Microsoft Power Platform&amp;apos;)]&amp;apos;)]&amp;apos; is not a valid XPath expression.
  (Session info: chrome=120.0.6099.129)
For documentation on this error, please visit: https://www.selenium.dev/documentation/webdriver/troubleshooting/errors#invalid-selector-exception
Build info: version: &amp;apos;4.15.0&amp;apos;, revision: &amp;apos;1d14b5521b&amp;apos;
System info: os.name: &amp;apos;Windows 11&amp;apos;, os.arch: &amp;apos;amd64&amp;apos;, os.version: &amp;apos;10.0&amp;apos;, java.version: &amp;apos;17.0.7&amp;apos;
Driver info: org.openqa.selenium.chrome.ChromeDriver
Command: [adbd47cbd7aefa4f936147a56cd27c01, findElement {using=xpath, value=//li/a[contains(text(),&amp;apos;//li/a[@class=&amp;apos;coursecategory&amp;apos;][contains(text(),&amp;apos;Microsoft Power Platform&amp;apos;)]&amp;apos;)]}]
Capabilities {acceptInsecureCerts: false, browserName: chrome, browserVersion: 120.0.6099.129, chrome: {chromedriverVersion: 120.0.6099.109 (3419140ab66..., userDataDir: C:\Users\new\AppData\Local\...}, fedcm:accounts: true, goog:chromeOptions: {debuggerAddress: localhost:63736}, networkConnectionEnabled: false, pageLoadStrategy: normal, platformName: windows, proxy: Proxy(), se:cdp: ws://localhost:63736/devtoo..., se:cdpVersion: 120.0.6099.129, setWindowRect: true, strictFileInteractability: false, timeouts: {implicit: 0, pageLoad: 300000, script: 30000}, unhandledPromptBehavior: dismiss and notify, webauthn:extension:credBlob: true, webauthn:extension:largeBlob: true, webauthn:extension:minPinLength: true, webauthn:extension:prf: true, webauthn:virtualAuthenticators: true}
Session ID: adbd47cbd7aefa4f936147a56cd27c01">
      <![CDATA[org.openqa.selenium.InvalidSelectorException: invalid selector: Unable to locate an element with the xpath expression //li/a[contains(text(),'//li/a[@class='coursecategory'][contains(text(),'Microsoft Power Platform')]')] because of the following error:
SyntaxError: Failed to execute 'evaluate' on 'Document': The string '//li/a[contains(text(),'//li/a[@class='coursecategory'][contains(text(),'Microsoft Power Platform')]')]' is not a valid XPath expression.
  (Session info: chrome=120.0.6099.129)
For documentation on this error, please visit: https://www.selenium.dev/documentation/webdriver/troubleshooting/errors#invalid-selector-exception
Build info: version: '4.15.0', revision: '1d14b5521b'
System info: os.name: 'Windows 11', os.arch: 'amd64', os.version: '10.0', java.version: '17.0.7'
Driver info: org.openqa.selenium.chrome.ChromeDriver
Command: [adbd47cbd7aefa4f936147a56cd27c01, findElement {using=xpath, value=//li/a[contains(text(),'//li/a[@class='coursecategory'][contains(text(),'Microsoft Power Platform')]')]}]
Capabilities {acceptInsecureCerts: false, browserName: chrome, browserVersion: 120.0.6099.129, chrome: {chromedriverVersion: 120.0.6099.109 (3419140ab66..., userDataDir: C:\Users\new\AppData\Local\...}, fedcm:accounts: true, goog:chromeOptions: {debuggerAddress: localhost:63736}, networkConnectionEnabled: false, pageLoadStrategy: normal, platformName: windows, proxy: Proxy(), se:cdp: ws://localhost:63736/devtoo..., se:cdpVersion: 120.0.6099.129, setWindowRect: true, strictFileInteractability: false, timeouts: {implicit: 0, pageLoad: 300000, script: 30000}, unhandledPromptBehavior: dismiss and notify, webauthn:extension:credBlob: true, webauthn:extension:largeBlob: true, webauthn:extension:minPinLength: true, webauthn:extension:prf: true, webauthn:virtualAuthenticators: true}
Session ID: adbd47cbd7aefa4f936147a56cd27c01
at org.openqa.selenium.remote.codec.w3c.W3CHttpResponseCodec.createException(W3CHttpResponseCodec.java:200)
at org.openqa.selenium.remote.codec.w3c.W3CHttpResponseCodec.decode(W3CHttpResponseCodec.java:133)
at org.openqa.selenium.remote.codec.w3c.W3CHttpResponseCodec.decode(W3CHttpResponseCodec.java:52)
at org.openqa.selenium.remote.HttpCommandExecutor.execute(HttpCommandExecutor.java:191)
at org.openqa.selenium.remote.service.DriverCommandExecutor.invokeExecute(DriverCommandExecutor.java:200)
at org.openqa.selenium.remote.service.DriverCommandExecutor.execute(DriverCommandExecutor.java:175)
at org.openqa.selenium.remote.RemoteWebDriver.execute(RemoteWebDriver.java:607)
at org.openqa.selenium.remote.ElementLocation$ElementFinder$2.findElement(ElementLocation.java:165)
at org.openqa.selenium.remote.ElementLocation.findElement(ElementLocation.java:59)
at org.openqa.selenium.remote.RemoteWebDriver.findElement(RemoteWebDriver.java:364)
at org.openqa.selenium.remote.RemoteWebDriver.findElement(RemoteWebDriver.java:358)
at org.openqa.selenium.support.pagefactory.DefaultElementLocator.findElement(DefaultElementLocator.java:68)
at org.openqa.selenium.support.pagefactory.internal.LocatingElementHandler.invoke(LocatingElementHandler.java:38)
at jdk.proxy2/jdk.proxy2.$Proxy14.click(Unknown Source)
at com.Bdt.qa.Pages.Coursespage.msPowerPlatform_premiun(Coursespage.java:402)
at com.Bdt.qa.Testcases.CoursepageTest.validate_msPowerPlatform_premiumpage_Title(CoursepageTest.java:460)
at java.base/java.util.ArrayList.forEach(ArrayList.java:1511)
... Removed 32 stack frames]]>
    </failure>
  </testcase> <!-- validate_msPowerPlatform_premiumpage_Title -->
  <testcase classname="com.Bdt.qa.Testcases.CoursepageTest" name="validate_msPowerplatform_newpage_Title" time="0.929"/>
  <testcase classname="com.Bdt.qa.Testcases.CoursepageTest" name="validate_da_100page_Title" time="0.866">
    <failure type="java.lang.AssertionError" message="expected [DA-100 Online training | Exam:DA-100 Online training ] but found [DA-100 Online training | Exam:DA-100 Online training]">
      <![CDATA[java.lang.AssertionError: expected [DA-100 Online training | Exam:DA-100 Online training ] but found [DA-100 Online training | Exam:DA-100 Online training]
at com.Bdt.qa.Testcases.CoursepageTest.validate_da_100page_Title(CoursepageTest.java:484)
at java.base/java.util.ArrayList.forEach(ArrayList.java:1511)
... Removed 33 stack frames]]>
    </failure>
  </testcase> <!-- validate_da_100page_Title -->
  <testcase classname="com.Bdt.qa.Testcases.CoursepageTest" name="validate_testing_toolspage_Title" time="0.483"/>
  <testcase classname="com.Bdt.qa.Testcases.CoursepageTest" name="validate_manualTestingpage_Title" time="0.892"/>
  <testcase classname="com.Bdt.qa.Testcases.CoursepageTest" name="validate_seleniumWithJAVApage_Title" time="0.91"/>
  <testcase classname="com.Bdt.qa.Testcases.CoursepageTest" name="validate_seleniumWithCSharppage_Title" time="1.043">
    <failure type="java.lang.AssertionError" message="expected [Selenium with C# online tutorial | Selenium Testing Training ] but found [Selenium with C# online tutorial | Selenium Testing Training]">
      <![CDATA[java.lang.AssertionError: expected [Selenium with C# online tutorial | Selenium Testing Training ] but found [Selenium with C# online tutorial | Selenium Testing Training]
at com.Bdt.qa.Testcases.CoursepageTest.validate_seleniumWithCSharppage_Title(CoursepageTest.java:524)
at java.base/java.util.ArrayList.forEach(ArrayList.java:1511)
... Removed 33 stack frames]]>
    </failure>
  </testcase> <!-- validate_seleniumWithCSharppage_Title -->
  <testcase classname="com.Bdt.qa.Testcases.CoursepageTest" name="validate_pythonProgrammingpage_Title" time="0.823"/>
  <testcase classname="com.Bdt.qa.Testcases.CoursepageTest" name="validate_CandDataStructurepage_Title" time="0.819">
    <failure type="java.lang.AssertionError" message="expected [C Programming for Beginners  | Learn Online C Programming | Bestdotnettraining] but found [C Programming for Beginners | Learn Online C Programming | Bestdotnettraining]">
      <![CDATA[java.lang.AssertionError: expected [C Programming for Beginners  | Learn Online C Programming | Bestdotnettraining] but found [C Programming for Beginners | Learn Online C Programming | Bestdotnettraining]
at com.Bdt.qa.Testcases.CoursepageTest.validate_CandDataStructurepage_Title(CoursepageTest.java:544)
at java.base/java.util.ArrayList.forEach(ArrayList.java:1511)
... Removed 33 stack frames]]>
    </failure>
  </testcase> <!-- validate_CandDataStructurepage_Title -->
  <testcase classname="com.Bdt.qa.Testcases.CoursepageTest" name="validate_coreJAVApage_Title" time="0.896"/>
  <testcase classname="com.Bdt.qa.Testcases.CoursepageTest" name="validate_oopsAndCpluspluspage_Title" time="0.945">
    <failure type="java.lang.AssertionError" message="expected [Best C++ Online Training | OOPs  Online Tutorials] but found [Best C++ Online Training | OOPs Online Tutorials]">
      <![CDATA[java.lang.AssertionError: expected [Best C++ Online Training | OOPs  Online Tutorials] but found [Best C++ Online Training | OOPs Online Tutorials]
at com.Bdt.qa.Testcases.CoursepageTest.validate_oopsAndCpluspluspage_Title(CoursepageTest.java:565)
at java.base/java.util.ArrayList.forEach(ArrayList.java:1511)
... Removed 33 stack frames]]>
    </failure>
  </testcase> <!-- validate_oopsAndCpluspluspage_Title -->
  <testcase classname="com.Bdt.qa.Testcases.CoursepageTest" name="validate_advanceJAVApage_Title" time="0.863"/>
</testsuite> <!-- Test -->
